app/build/outputs/logs/manifest-merger-debug-report.txt
-- Merging decision tree log ---
manifest
ADDED from src\main\AndroidManifest.xml:2:1-49:12
	package
		ADDED from src\main\AndroidManifest.xml:3:5-30
		INJECTED from src\main\AndroidManifest.xml
		INJECTED from src\main\AndroidManifest.xml
	android:versionName
		ADDED from src\main\AndroidManifest.xml:5:5-30
		INJECTED from src\main\AndroidManifest.xml
		INJECTED from src\main\AndroidManifest.xml
	android:versionCode
		ADDED from src\main\AndroidManifest.xml:4:5-28
		INJECTED from src\main\AndroidManifest.xml
		INJECTED from src\main\AndroidManifest.xml
	xmlns:android
		ADDED from src\main\AndroidManifest.xml:2:11-69
uses-permission#android.permission.VIBRATE
ADDED from src\main\AndroidManifest.xml:6:5-66
	android:name
		ADDED from src\main\AndroidManifest.xml:6:22-63
uses-permission#android.permission.CAMERA
ADDED from src\main\AndroidManifest.xml:7:5-65
	android:name
		ADDED from src\main\AndroidManifest.xml:7:22-62
uses-feature#android.hardware.camera
ADDED from src\main\AndroidManifest.xml:8:5-60
	android:name
		ADDED from src\main\AndroidManifest.xml:8:19-57
uses-feature#android.hardware.camera.autofocus
ADDED from src\main\AndroidManifest.xml:9:5-70
	android:name
		ADDED from src\main\AndroidManifest.xml:9:19-67
uses-permission#android.permission.INTERNET
ADDED from src\main\AndroidManifest.xml:10:5-67
	android:name
		ADDED from src\main\AndroidManifest.xml:10:22-64
uses-permission#android.permission.WRITE_EXTERNAL_STORAGE
ADDED from src\main\AndroidManifest.xml:11:5-81
	android:name
		ADDED from src\main\AndroidManifest.xml:11:22-78
uses-permission#android.permission.MOUNT_UNMOUNT_FILESYSTEMS
ADDED from src\main\AndroidManifest.xml:12:5-84
	android:name
		ADDED from src\main\AndroidManifest.xml:12:22-81
uses-permission#android.permission.ACCESS_NETWORK_STATE
ADDED from src\main\AndroidManifest.xml:13:5-79
	android:name
		ADDED from src\main\AndroidManifest.xml:13:22-76
uses-permission#android.permission.FLASHLIGHT
ADDED from src\main\AndroidManifest.xml:15:5-69
	android:name
		ADDED from src\main\AndroidManifest.xml:15:22-66
uses-permission#android.permission.GET_TASKS
ADDED from src\main\AndroidManifest.xml:16:5-68
	android:name
		ADDED from src\main\AndroidManifest.xml:16:22-65
uses-permission#android.permission.RECORD_AUDIO
ADDED from src\main\AndroidManifest.xml:17:5-71
	android:name
		ADDED from src\main\AndroidManifest.xml:17:22-68
uses-permission#android.permission.RECEIVE_BOOT_COMPLETED
ADDED from src\main\AndroidManifest.xml:19:5-81
	android:name
		ADDED from src\main\AndroidManifest.xml:19:22-78
uses-permission#android.permission.READ_PHONE_STATE
ADDED from src\main\AndroidManifest.xml:20:5-74
	android:name
		ADDED from src\main\AndroidManifest.xml:20:22-72
uses-permission#android.permission.KILL_BACKGROUND_PROCESSES
ADDED from src\main\AndroidManifest.xml:21:5-83
	android:name
		ADDED from src\main\AndroidManifest.xml:21:22-81
uses-permission#android.permission.READ_CALENDAR
ADDED from src\main\AndroidManifest.xml:22:5-72
	android:name
		ADDED from src\main\AndroidManifest.xml:22:22-69
uses-permission#android.permission.WRITE_CALENDAR
ADDED from src\main\AndroidManifest.xml:23:5-73
	android:name
		ADDED from src\main\AndroidManifest.xml:23:22-70
uses-permission#android.permission.CHANGE_WIFI_STATE
ADDED from src\main\AndroidManifest.xml:25:5-76
	android:name
		ADDED from src\main\AndroidManifest.xml:25:22-73
uses-permission#android.permission.CHANGE_NETWORK_STATE
ADDED from src\main\AndroidManifest.xml:26:5-79
	android:name
		ADDED from src\main\AndroidManifest.xml:26:22-76
uses-permission#android.permission.ACCESS_WIFI_STATE
ADDED from src\main\AndroidManifest.xml:27:5-76
	android:name
		ADDED from src\main\AndroidManifest.xml:27:22-73
uses-sdk
ADDED from src\main\AndroidManifest.xml:28:5-30:41
	android:targetSdkVersion
		ADDED from src\main\AndroidManifest.xml:30:9-38
		INJECTED from src\main\AndroidManifest.xml
		INJECTED from src\main\AndroidManifest.xml
	android:minSdkVersion
		ADDED from src\main\AndroidManifest.xml:29:9-34
		INJECTED from src\main\AndroidManifest.xml
		INJECTED from src\main\AndroidManifest.xml
application
ADDED from src\main\AndroidManifest.xml:33:5-47:19
	android:label
		ADDED from src\main\AndroidManifest.xml:36:9-41
	android:allowBackup
		ADDED from src\main\AndroidManifest.xml:34:9-35
	android:icon
		ADDED from src\main\AndroidManifest.xml:35:9-45
	android:theme
		ADDED from src\main\AndroidManifest.xml:37:9-40
activity#com.photo.utils.PhotoTestActivity
ADDED from src\main\AndroidManifest.xml:38:9-46:20
	android:label
		ADDED from src\main\AndroidManifest.xml:40:13-45
	android:name
		ADDED from src\main\AndroidManifest.xml:39:13-61
intent-filter#android.intent.action.MAIN+android.intent.category.LAUNCHER
ADDED from src\main\AndroidManifest.xml:41:13-45:29
action#android.intent.action.MAIN
ADDED from src\main\AndroidManifest.xml:42:17-69
	android:name
		ADDED from src\main\AndroidManifest.xml:42:25-66
category#android.intent.category.LAUNCHER
ADDED from src\main\AndroidManifest.xml:44:17-77
	android:name
		ADDED from src\main\AndroidManifest.xml:44:27-74